2026-07-14 23:27:23.701 | INFO     | main.lifespan:25 | Starting application
2026-07-14 23:27:23.714 | CRITICAL | database.init_database:77 | Database initialization failed: (sqlite3.OperationalError) unable to open database file
(Background on this error at: https://sqlalche.me/e/20/e3q8)
2026-07-14 23:27:23.715 | CRITICAL | main.lifespan:30 | Startup failed: (sqlite3.OperationalError) unable to open database file
(Background on this error at: https://sqlalche.me/e/20/e3q8)
2026-07-14 23:28:42.512 | INFO     | main.lifespan:25 | Starting application
2026-07-14 23:28:42.562 | INFO     | database.init_database:75 | Database tables initialized successfully
2026-07-14 23:28:42.563 | INFO     | main.lifespan:28 | Application startup completed
2026-07-14 23:49:05.098 | INFO     | websocket_manager.websocket_endpoint:20 | WebSocket client connected
2026-07-14 23:49:05.106 | WARNING  | websocket_manager.websocket_endpoint:35 | Invalid event payload over websocket: 4 validation errors for EventRequest
event_id
  Field required [type=missing, input_value={'source': 'chrome_extens...500 registration fee'}, input_type=dict]
    For further information visit https://errors.pydantic.dev/2.13/v/missing
event_type
  Field required [type=missing, input_value={'source': 'chrome_extens...500 registration fee'}, input_type=dict]
    For further information visit https://errors.pydantic.dev/2.13/v/missing
timestamp
  Field required [type=missing, input_value={'source': 'chrome_extens...500 registration fee'}, input_type=dict]
    For further information visit https://errors.pydantic.dev/2.13/v/missing
source_app
  Field required [type=missing, input_value={'source': 'chrome_extens...500 registration fee'}, input_type=dict]
    For further information visit https://errors.pydantic.dev/2.13/v/missing
2026-07-14 23:49:05.107 | INFO     | websocket_manager.websocket_endpoint:55 | Disconnected
2026-07-14 23:49:30.269 | INFO     | websocket_manager.websocket_endpoint:20 | WebSocket client connected
2026-07-14 23:49:30.299 | INFO     | event_processor.process_event:43 | Processed event WEBSITE_OPENED for session ABC123
2026-07-14 23:49:35.011 | WARNING  | event_processor.process_event:89 | Correlation engine update failed: [WinError 10061] No connection could be made because the target machine actively refused it
2026-07-14 23:49:35.018 | INFO     | websocket_manager.websocket_endpoint:55 | Disconnected
